<?xml version="1.0" encoding="UTF-8"?>
<!-- Generated by org.testng.reporters.JUnitReportReporter -->
<testsuite hostname="XIAOZHE6" name="com.wxz.Test.TestTestNG_PassProject" tests="1" failures="0" timestamp="15 Oct 2016 06:40:06 GMT" time="16.666" errors="0">
  <testcase name="helloWorld" time="16.666" classname="com.wxz.Test.TestTestNG_PassProject"/>
</testsuite> <!-- com.wxz.Test.TestTestNG_PassProject -->
