<?xml version="1.0" encoding="UTF-8"?>
<!-- Generated by org.testng.reporters.JUnitReportReporter -->
<testsuite hostname="XIAOZHE6" name="com.wxz.TestTestNG_PassProject" tests="1" failures="0" timestamp="19 Oct 2016 02:43:12 GMT" time="9.773" errors="0">
  <testcase name="helloWorld" time="9.773" classname="com.wxz.TestTestNG_PassProject"/>
</testsuite> <!-- com.wxz.TestTestNG_PassProject -->
